============================================================
GPT-2 Descriptive Statistics and H1a
============================================================

[1/3] Loading GPT-2 curvature data...
  Total rows: 2160
  Layers: [np.int64(0), np.int64(1), np.int64(2), np.int64(3), np.int64(4), np.int64(5), np.int64(6), np.int64(7), np.int64(8), np.int64(9), np.int64(10), np.int64(11)]
  Scenarios: ['T0', 'T1', 'T2', 'T3', 'T4', 'T5']

[2/3] Computing descriptive statistics...

  Per-scenario descriptive statistics (last layer):

  T0 (n=30):
    Median: 18.44 [18.44, 28.18]
    Mean ± SD: 22.22 ± 6.94
    IQR: 12.03

  T1 (n=30):
    Median: 12.97 [10.76, 15.68]
    Mean ± SD: 15.04 ± 6.71
    IQR: 4.92

  T2 (n=30):
    Median: 22.22 [16.19, 31.58]
    Mean ± SD: 24.05 ± 11.75
    IQR: 16.38

  T3 (n=30):
    Median: 19.55 [18.60, 20.25]
    Mean ± SD: 19.98 ± 4.07
    IQR: 1.65

  T4 (n=30):
    Median: 19.72 [12.41, 23.83]
    Mean ± SD: 20.50 ± 8.66
    IQR: 11.46

  T5 (n=30):
    Median: 31.42 [28.89, 34.80]
    Mean ± SD: 34.84 ± 12.16
    IQR: 20.66

[3/3] Computing H1a (block sensitivity)...

  H1a Results:
    T2: target=nar, ratio=0.733 (PASS)
    T3: target=mor, ratio=0.400 (FAIL)
    T4: target=soc, ratio=0.833 (PASS)
    T5: target=pos, ratio=0.000 (FAIL)

  Results saved to: /workspace/Low-Curvature-Endogenous-Standpoint-Attractor/results/gpt2_descriptive_stats.json
